<?xml version="1.0" encoding="UTF-8"?>
<!-- Generated by org.testng.reporters.JUnitReportReporter -->
<testsuite hostname="DESKTOP-4IAP090" failures="0" tests="1" name="HelloMaven.hellomaven.AppTest" time="0.017" errors="0" timestamp="02 Oct 2021 22:00:34 GMT" skipped="0">
  <testcase classname="HelloMaven.hellomaven.AppTest" name="testApp" time="0.017"/>
</testsuite> <!-- HelloMaven.hellomaven.AppTest -->
